[2020-07-07T21:30:53+08:00][sql] CONNECT:[ UseTime:0.002000s ] mysql:host=127.0.0.1;port=3306;dbname=tpshop6.03334;charset=utf8
[2020-07-07T21:30:53+08:00][sql] SHOW FULL COLUMNS FROM `tp_config` [ RunTime:0.002000s ]
[2020-07-07T21:30:53+08:00][sql] SELECT * FROM `tp_config` [ RunTime:0.001000s ]
[2020-07-07T21:30:53+08:00][sql] SHOW FULL COLUMNS FROM `tp_wx_user` [ RunTime:0.002001s ]
[2020-07-07T21:30:53+08:00][sql] SELECT `qr` FROM `tp_wx_user` LIMIT 1 [ RunTime:0.001000s ]
[2020-07-07T21:30:53+08:00][sql] select a.goods_name,a.goods_id,a.shop_price,a.market_price,a.cat_id,b.parent_id_path,b.name from tp_goods as a left join tp_goods_category as b on a.cat_id=b.id where a.is_hot=1 and a.is_on_sale=1 order by a.sort [ RunTime:0.004000s ]
[2020-07-07T21:30:53+08:00][sql] select a.goods_name,a.goods_id,a.shop_price,a.market_price,a.cat_id,b.parent_id_path,b.name from tp_goods as a left join tp_goods_category as b on a.cat_id=b.id where a.is_recommend=1 and a.is_on_sale=1 order by a.sort [ RunTime:0.002000s ]
[2020-07-07T21:30:53+08:00][sql] SHOW FULL COLUMNS FROM `tp_goods_category` [ RunTime:0.001000s ]
[2020-07-07T21:30:53+08:00][sql] SELECT * FROM `tp_goods_category` WHERE  ( is_hot=1 and level=3 and is_show=1 ) [ RunTime:0.001000s ]
[2020-07-07T21:30:53+08:00][sql] SHOW FULL COLUMNS FROM `tp_ad_position` [ RunTime:0.003000s ]
[2020-07-07T21:30:53+08:00][sql] SELECT `position_id`,`position_id`,`position_name`,`ad_width`,`ad_height` FROM `tp_ad_position` [ RunTime:0.001000s ]
[2020-07-07T21:30:53+08:00][sql] SHOW FULL COLUMNS FROM `tp_ad` [ RunTime:0.002001s ]
[2020-07-07T21:30:53+08:00][sql] SELECT * FROM `tp_ad` WHERE  ( pid=101  and enabled = 1 and start_time < 1593658800 and end_time > 1593658800  ) ORDER BY `orderby` DESC LIMIT 5 [ RunTime:0.001000s ]
[2020-07-07T21:30:53+08:00][sql] SELECT `position_id`,`position_id`,`position_name`,`ad_width`,`ad_height` FROM `tp_ad_position` [ RunTime:0.000000s ]
[2020-07-07T21:30:53+08:00][sql] SELECT * FROM `tp_ad` WHERE  ( pid=51  and enabled = 1 and start_time < 1593658800 and end_time > 1593658800  ) ORDER BY `orderby` DESC LIMIT 1 [ RunTime:0.000000s ]
[2020-07-07T21:30:53+08:00][sql] SELECT `position_id`,`position_id`,`position_name`,`ad_width`,`ad_height` FROM `tp_ad_position` [ RunTime:0.001000s ]
[2020-07-07T21:30:53+08:00][sql] SELECT * FROM `tp_ad` WHERE  ( pid=102  and enabled = 1 and start_time < 1593658800 and end_time > 1593658800  ) ORDER BY `orderby` DESC LIMIT 5 [ RunTime:0.000000s ]
[2020-07-07T21:30:53+08:00][sql] SELECT `position_id`,`position_id`,`position_name`,`ad_width`,`ad_height` FROM `tp_ad_position` [ RunTime:0.001000s ]
[2020-07-07T21:30:53+08:00][sql] SELECT `position_id`,`position_id`,`position_name`,`ad_width`,`ad_height` FROM `tp_ad_position` [ RunTime:0.001001s ]
[2020-07-07T21:30:53+08:00][sql] SELECT * FROM `tp_ad` WHERE  ( pid=103  and enabled = 1 and start_time < 1593658800 and end_time > 1593658800  ) ORDER BY `orderby` DESC LIMIT 5 [ RunTime:0.000000s ]
[2020-07-07T21:30:53+08:00][sql] SELECT `position_id`,`position_id`,`position_name`,`ad_width`,`ad_height` FROM `tp_ad_position` [ RunTime:0.001000s ]
[2020-07-07T21:30:53+08:00][sql] SELECT `position_id`,`position_id`,`position_name`,`ad_width`,`ad_height` FROM `tp_ad_position` [ RunTime:0.001000s ]
[2020-07-07T21:30:53+08:00][sql] SELECT * FROM `tp_ad` WHERE  ( pid=104  and enabled = 1 and start_time < 1593658800 and end_time > 1593658800  ) ORDER BY `orderby` DESC LIMIT 5 [ RunTime:0.001000s ]
[2020-07-07T21:30:53+08:00][sql] SELECT `position_id`,`position_id`,`position_name`,`ad_width`,`ad_height` FROM `tp_ad_position` [ RunTime:0.001000s ]
[2020-07-07T21:30:53+08:00][sql] SELECT `position_id`,`position_id`,`position_name`,`ad_width`,`ad_height` FROM `tp_ad_position` [ RunTime:0.001000s ]
[2020-07-07T21:30:53+08:00][sql] SELECT * FROM `tp_ad` WHERE  ( pid=105  and enabled = 1 and start_time < 1593658800 and end_time > 1593658800  ) ORDER BY `orderby` DESC LIMIT 5 [ RunTime:0.001000s ]
[2020-07-07T21:30:53+08:00][sql] SELECT `position_id`,`position_id`,`position_name`,`ad_width`,`ad_height` FROM `tp_ad_position` [ RunTime:0.001000s ]
[2020-07-07T21:30:53+08:00][sql] SELECT * FROM `tp_navigation` where is_show = 1 and position = 'top' ORDER BY `sort` DESC [ RunTime:0.001000s ]
[2020-07-07T21:30:53+08:00][sql] SELECT `position_id`,`position_id`,`position_name`,`ad_width`,`ad_height` FROM `tp_ad_position` [ RunTime:0.001000s ]
[2020-07-07T21:30:53+08:00][sql] SELECT * FROM `tp_ad` WHERE  ( pid=2  and enabled = 1 and start_time < 1593658800 and end_time > 1593658800  ) ORDER BY `orderby` DESC LIMIT 5 [ RunTime:0.001000s ]
[2020-07-07T21:30:53+08:00][sql] SELECT `position_id`,`position_id`,`position_name`,`ad_width`,`ad_height` FROM `tp_ad_position` [ RunTime:0.001000s ]
[2020-07-07T21:30:53+08:00][sql] SELECT * FROM `tp_ad` WHERE  ( pid=52  and enabled = 1 and start_time < 1593658800 and end_time > 1593658800  ) ORDER BY `orderby` DESC LIMIT 2 [ RunTime:0.000000s ]
[2020-07-07T21:30:53+08:00][sql] SELECT `position_id`,`position_id`,`position_name`,`ad_width`,`ad_height` FROM `tp_ad_position` [ RunTime:0.001000s ]
[2020-07-07T21:30:53+08:00][sql] SELECT * FROM `tp_ad` WHERE  ( pid=50  and enabled = 1 and start_time < 1593658800 and end_time > 1593658800  ) ORDER BY `orderby` DESC LIMIT 3 [ RunTime:0.001000s ]
[2020-07-07T21:30:53+08:00][sql] SHOW FULL COLUMNS FROM `tp_goods` [ RunTime:0.002000s ]
[2020-07-07T21:30:53+08:00][sql] SELECT `original_img` FROM `tp_goods` WHERE  `goods_id` = 258 LIMIT 1 [ RunTime:0.001000s ]
[2020-07-07T21:30:53+08:00][sql] SELECT `original_img` FROM `tp_goods` WHERE  `goods_id` = 251 LIMIT 1 [ RunTime:0.000000s ]
[2020-07-07T21:30:53+08:00][sql] SELECT `original_img` FROM `tp_goods` WHERE  `goods_id` = 301 LIMIT 1 [ RunTime:0.000000s ]
[2020-07-07T21:30:53+08:00][sql] SELECT `position_id`,`position_id`,`position_name`,`ad_width`,`ad_height` FROM `tp_ad_position` [ RunTime:0.001000s ]
[2020-07-07T21:30:53+08:00][sql] SELECT * FROM `tp_ad` WHERE  ( pid=49  and enabled = 1 and start_time < 1593658800 and end_time > 1593658800  ) ORDER BY `orderby` DESC LIMIT 1 [ RunTime:0.001000s ]
[2020-07-07T21:30:53+08:00][sql] SELECT `position_id`,`position_id`,`position_name`,`ad_width`,`ad_height` FROM `tp_ad_position` [ RunTime:0.000000s ]
[2020-07-07T21:30:53+08:00][sql] SELECT * FROM `tp_ad` WHERE  ( pid=12  and enabled = 1 and start_time < 1593658800 and end_time > 1593658800  ) ORDER BY `orderby` DESC LIMIT 1 [ RunTime:0.000000s ]
[2020-07-07T21:30:53+08:00][sql] SELECT `position_id`,`position_id`,`position_name`,`ad_width`,`ad_height` FROM `tp_ad_position` [ RunTime:0.000000s ]
[2020-07-07T21:30:53+08:00][sql] SELECT * FROM `tp_ad` WHERE  ( pid=32  and enabled = 1 and start_time < 1593658800 and end_time > 1593658800  ) ORDER BY `orderby` DESC LIMIT 1 [ RunTime:0.001000s ]
[2020-07-07T21:30:53+08:00][sql] SELECT `original_img` FROM `tp_goods` WHERE  `goods_id` = 258 LIMIT 1 [ RunTime:0.000000s ]
[2020-07-07T21:30:53+08:00][sql] SELECT `position_id`,`position_id`,`position_name`,`ad_width`,`ad_height` FROM `tp_ad_position` [ RunTime:0.001000s ]
[2020-07-07T21:30:53+08:00][sql] SELECT * FROM `tp_ad` WHERE  ( pid=13  and enabled = 1 and start_time < 1593658800 and end_time > 1593658800  ) ORDER BY `orderby` DESC LIMIT 1 [ RunTime:0.001000s ]
[2020-07-07T21:30:53+08:00][sql] SELECT `position_id`,`position_id`,`position_name`,`ad_width`,`ad_height` FROM `tp_ad_position` [ RunTime:0.000000s ]
[2020-07-07T21:30:53+08:00][sql] SELECT * FROM `tp_ad` WHERE  ( pid=33  and enabled = 1 and start_time < 1593658800 and end_time > 1593658800  ) ORDER BY `orderby` DESC LIMIT 1 [ RunTime:0.000000s ]
[2020-07-07T21:30:53+08:00][sql] SELECT `original_img` FROM `tp_goods` WHERE  `goods_id` = 251 LIMIT 1 [ RunTime:0.001000s ]
[2020-07-07T21:30:53+08:00][sql] SELECT `position_id`,`position_id`,`position_name`,`ad_width`,`ad_height` FROM `tp_ad_position` [ RunTime:0.000000s ]
[2020-07-07T21:30:53+08:00][sql] SELECT * FROM `tp_ad` WHERE  ( pid=14  and enabled = 1 and start_time < 1593658800 and end_time > 1593658800  ) ORDER BY `orderby` DESC LIMIT 1 [ RunTime:0.000000s ]
[2020-07-07T21:30:53+08:00][sql] SELECT `position_id`,`position_id`,`position_name`,`ad_width`,`ad_height` FROM `tp_ad_position` [ RunTime:0.001000s ]
[2020-07-07T21:30:53+08:00][sql] SELECT * FROM `tp_ad` WHERE  ( pid=34  and enabled = 1 and start_time < 1593658800 and end_time > 1593658800  ) ORDER BY `orderby` DESC LIMIT 1 [ RunTime:0.001000s ]
[2020-07-07T21:30:53+08:00][sql] SELECT `position_id`,`position_id`,`position_name`,`ad_width`,`ad_height` FROM `tp_ad_position` [ RunTime:0.001000s ]
[2020-07-07T21:30:53+08:00][sql] SELECT * FROM `tp_ad` WHERE  ( pid=15  and enabled = 1 and start_time < 1593658800 and end_time > 1593658800  ) ORDER BY `orderby` DESC LIMIT 1 [ RunTime:0.001000s ]
[2020-07-07T21:30:53+08:00][sql] SELECT `position_id`,`position_id`,`position_name`,`ad_width`,`ad_height` FROM `tp_ad_position` [ RunTime:0.000000s ]
[2020-07-07T21:30:53+08:00][sql] SELECT * FROM `tp_ad` WHERE  ( pid=35  and enabled = 1 and start_time < 1593658800 and end_time > 1593658800  ) ORDER BY `orderby` DESC LIMIT 1 [ RunTime:0.000000s ]
[2020-07-07T21:30:53+08:00][sql] SELECT `original_img` FROM `tp_goods` WHERE  `goods_id` = 301 LIMIT 1 [ RunTime:0.001000s ]
[2020-07-07T21:30:53+08:00][sql] SELECT `position_id`,`position_id`,`position_name`,`ad_width`,`ad_height` FROM `tp_ad_position` [ RunTime:0.001000s ]
[2020-07-07T21:30:53+08:00][sql] SELECT * FROM `tp_ad` WHERE  ( pid=16  and enabled = 1 and start_time < 1593658800 and end_time > 1593658800  ) ORDER BY `orderby` DESC LIMIT 1 [ RunTime:0.001000s ]
[2020-07-07T21:30:53+08:00][sql] SELECT `position_id`,`position_id`,`position_name`,`ad_width`,`ad_height` FROM `tp_ad_position` [ RunTime:0.001001s ]
[2020-07-07T21:30:53+08:00][sql] SELECT * FROM `tp_ad` WHERE  ( pid=36  and enabled = 1 and start_time < 1593658800 and end_time > 1593658800  ) ORDER BY `orderby` DESC LIMIT 1 [ RunTime:0.000000s ]
[2020-07-07T21:30:53+08:00][sql] select * from `tp_slogan` [ RunTime:0.002000s ]
[2020-07-07T21:30:53+08:00][sql] select * from `tp_article_cat` where cat_id < 6  order by sort_order asc [ RunTime:0.003001s ]
[2020-07-07T21:30:53+08:00][sql] select * from `tp_article` where cat_id = 1  and is_open=1 limit 5 [ RunTime:0.003000s ]
[2020-07-07T21:30:53+08:00][sql] select * from `tp_article` where cat_id = 2  and is_open=1 limit 5 [ RunTime:0.001000s ]
[2020-07-07T21:30:53+08:00][sql] select * from `tp_article` where cat_id = 3  and is_open=1 limit 5 [ RunTime:0.001000s ]
[2020-07-07T21:30:53+08:00][sql] select * from `tp_article` where cat_id = 4  and is_open=1 limit 5 [ RunTime:0.001000s ]
[2020-07-07T21:30:53+08:00][sql] select * from `tp_article` where cat_id = 5  and is_open=1 limit 5 [ RunTime:0.000000s ]
[2020-07-07T21:30:53+08:00][sql] select * from `tp_friend_link` where is_show=1 [ RunTime:0.001000s ]
[2020-07-07T21:30:53+08:00][sql] SELECT * FROM `tp_navigation` where is_show = 1 AND position = 'bottom' ORDER BY `sort` DESC [ RunTime:0.001000s ]
[2020-07-07T21:30:53+08:00][sql] select * from `tp_article` where cat_id = 5 and is_open=1 [ RunTime:0.000000s ]
[2020-07-07T21:30:53+08:00][info] [ VIEW ] ../template/pc/rainbow/index/index.html [ array (
  0 => 'action',
  1 => 'template_now_time',
  2 => 'goods_category_tree',
  3 => 'brand_list',
  4 => 'tpshop_config',
  5 => 'username',
  6 => 'head_pic',
  7 => 'mobile_url',
  8 => 'wx_qr',
  9 => 'thumb_empty',
  10 => 'edit_ad',
  11 => 'cateList',
) ]
[2020-07-07T21:30:54+08:00][sql] CONNECT:[ UseTime:0.001001s ] mysql:host=127.0.0.1;port=3306;dbname=tpshop6.03334;charset=utf8
[2020-07-07T21:30:54+08:00][sql] SHOW FULL COLUMNS FROM `tp_wx_user` [ RunTime:0.001000s ]
[2020-07-07T21:30:54+08:00][sql] SELECT `qr` FROM `tp_wx_user` LIMIT 1 [ RunTime:0.000000s ]
[2020-07-07T21:30:54+08:00][sql] SHOW FULL COLUMNS FROM `tp_cart` [ RunTime:0.004000s ]
[2020-07-07T21:30:54+08:00][sql] SELECT * FROM `tp_cart` WHERE  `session_id` = ''  AND `combination_group_id` = 0 [ RunTime:0.001001s ]
[2020-07-07T21:30:54+08:00][sql] SELECT SUM(`goods_num`) AS think_sum FROM `tp_cart` WHERE  `session_id` = '' [ RunTime:0.001000s ]
[2020-07-07T21:30:54+08:00][info] [ VIEW ] ../template/pc/rainbow/cart/header_cart_list.html [ array (
  0 => 'action',
  1 => 'template_now_time',
  2 => 'goods_category_tree',
  3 => 'brand_list',
  4 => 'tpshop_config',
  5 => 'username',
  6 => 'head_pic',
  7 => 'mobile_url',
  8 => 'wx_qr',
  9 => 'cartList',
  10 => 'cartPriceInfo',
) ]
[2020-07-07T21:30:55+08:00][sql] CONNECT:[ UseTime:0.002000s ] mysql:host=127.0.0.1;port=3306;dbname=tpshop6.03334;charset=utf8
[2020-07-07T21:30:55+08:00][sql] SHOW FULL COLUMNS FROM `tp_config` [ RunTime:0.002000s ]
[2020-07-07T21:30:55+08:00][sql] SELECT * FROM `tp_config` [ RunTime:0.001000s ]
[2020-07-07T21:30:55+08:00][sql] SHOW FULL COLUMNS FROM `tp_wx_user` [ RunTime:0.002000s ]
[2020-07-07T21:30:55+08:00][sql] SELECT `qr` FROM `tp_wx_user` LIMIT 1 [ RunTime:0.001000s ]
[2020-07-07T21:30:55+08:00][sql] select a.goods_name,a.goods_id,a.shop_price,a.market_price,a.cat_id,b.parent_id_path,b.name from tp_goods as a left join tp_goods_category as b on a.cat_id=b.id where a.is_hot=1 and a.is_on_sale=1 order by a.sort [ RunTime:0.004000s ]
[2020-07-07T21:30:55+08:00][sql] select a.goods_name,a.goods_id,a.shop_price,a.market_price,a.cat_id,b.parent_id_path,b.name from tp_goods as a left join tp_goods_category as b on a.cat_id=b.id where a.is_recommend=1 and a.is_on_sale=1 order by a.sort [ RunTime:0.002001s ]
[2020-07-07T21:30:55+08:00][sql] SHOW FULL COLUMNS FROM `tp_goods_category` [ RunTime:0.002000s ]
[2020-07-07T21:30:55+08:00][sql] SELECT * FROM `tp_goods_category` WHERE  ( is_hot=1 and level=3 and is_show=1 ) [ RunTime:0.000000s ]
[2020-07-07T21:30:55+08:00][sql] SHOW FULL COLUMNS FROM `tp_ad_position` [ RunTime:0.002000s ]
[2020-07-07T21:30:55+08:00][sql] SELECT `position_id`,`position_id`,`position_name`,`ad_width`,`ad_height` FROM `tp_ad_position` [ RunTime:0.001000s ]
[2020-07-07T21:30:55+08:00][sql] SHOW FULL COLUMNS FROM `tp_ad` [ RunTime:0.003000s ]
[2020-07-07T21:30:55+08:00][sql] SELECT * FROM `tp_ad` WHERE  ( pid=101  and enabled = 1 and start_time < 1593658800 and end_time > 1593658800  ) ORDER BY `orderby` DESC LIMIT 5 [ RunTime:0.001000s ]
[2020-07-07T21:30:55+08:00][sql] SELECT `position_id`,`position_id`,`position_name`,`ad_width`,`ad_height` FROM `tp_ad_position` [ RunTime:0.000000s ]
[2020-07-07T21:30:55+08:00][sql] SELECT * FROM `tp_ad` WHERE  ( pid=51  and enabled = 1 and start_time < 1593658800 and end_time > 1593658800  ) ORDER BY `orderby` DESC LIMIT 1 [ RunTime:0.001000s ]
[2020-07-07T21:30:55+08:00][sql] SELECT `position_id`,`position_id`,`position_name`,`ad_width`,`ad_height` FROM `tp_ad_position` [ RunTime:0.001000s ]
[2020-07-07T21:30:55+08:00][sql] SELECT * FROM `tp_ad` WHERE  ( pid=102  and enabled = 1 and start_time < 1593658800 and end_time > 1593658800  ) ORDER BY `orderby` DESC LIMIT 5 [ RunTime:0.001001s ]
[2020-07-07T21:30:55+08:00][sql] SELECT `position_id`,`position_id`,`position_name`,`ad_width`,`ad_height` FROM `tp_ad_position` [ RunTime:0.001000s ]
[2020-07-07T21:30:55+08:00][sql] SELECT `position_id`,`position_id`,`position_name`,`ad_width`,`ad_height` FROM `tp_ad_position` [ RunTime:0.001000s ]
[2020-07-07T21:30:55+08:00][sql] SELECT * FROM `tp_ad` WHERE  ( pid=103  and enabled = 1 and start_time < 1593658800 and end_time > 1593658800  ) ORDER BY `orderby` DESC LIMIT 5 [ RunTime:0.000000s ]
[2020-07-07T21:30:55+08:00][sql] SELECT `position_id`,`position_id`,`position_name`,`ad_width`,`ad_height` FROM `tp_ad_position` [ RunTime:0.001000s ]
[2020-07-07T21:30:55+08:00][sql] SELECT `position_id`,`position_id`,`position_name`,`ad_width`,`ad_height` FROM `tp_ad_position` [ RunTime:0.001000s ]
[2020-07-07T21:30:55+08:00][sql] SELECT * FROM `tp_ad` WHERE  ( pid=104  and enabled = 1 and start_time < 1593658800 and end_time > 1593658800  ) ORDER BY `orderby` DESC LIMIT 5 [ RunTime:0.001000s ]
[2020-07-07T21:30:55+08:00][sql] SELECT `position_id`,`position_id`,`position_name`,`ad_width`,`ad_height` FROM `tp_ad_position` [ RunTime:0.000000s ]
[2020-07-07T21:30:55+08:00][sql] SELECT `position_id`,`position_id`,`position_name`,`ad_width`,`ad_height` FROM `tp_ad_position` [ RunTime:0.001000s ]
[2020-07-07T21:30:55+08:00][sql] SELECT * FROM `tp_ad` WHERE  ( pid=105  and enabled = 1 and start_time < 1593658800 and end_time > 1593658800  ) ORDER BY `orderby` DESC LIMIT 5 [ RunTime:0.001000s ]
[2020-07-07T21:30:55+08:00][sql] SELECT `position_id`,`position_id`,`position_name`,`ad_width`,`ad_height` FROM `tp_ad_position` [ RunTime:0.000000s ]
[2020-07-07T21:30:55+08:00][sql] SELECT * FROM `tp_navigation` where is_show = 1 and position = 'top' ORDER BY `sort` DESC [ RunTime:0.003000s ]
[2020-07-07T21:30:55+08:00][sql] SELECT `position_id`,`position_id`,`position_name`,`ad_width`,`ad_height` FROM `tp_ad_position` [ RunTime:0.000000s ]
[2020-07-07T21:30:55+08:00][sql] SELECT * FROM `tp_ad` WHERE  ( pid=2  and enabled = 1 and start_time < 1593658800 and end_time > 1593658800  ) ORDER BY `orderby` DESC LIMIT 5 [ RunTime:0.001000s ]
[2020-07-07T21:30:55+08:00][sql] SELECT `position_id`,`position_id`,`position_name`,`ad_width`,`ad_height` FROM `tp_ad_position` [ RunTime:0.000000s ]
[2020-07-07T21:30:55+08:00][sql] SELECT * FROM `tp_ad` WHERE  ( pid=52  and enabled = 1 and start_time < 1593658800 and end_time > 1593658800  ) ORDER BY `orderby` DESC LIMIT 2 [ RunTime:0.001000s ]
[2020-07-07T21:30:55+08:00][sql] SELECT `position_id`,`position_id`,`position_name`,`ad_width`,`ad_height` FROM `tp_ad_position` [ RunTime:0.000000s ]
[2020-07-07T21:30:55+08:00][sql] SELECT * FROM `tp_ad` WHERE  ( pid=50  and enabled = 1 and start_time < 1593658800 and end_time > 1593658800  ) ORDER BY `orderby` DESC LIMIT 3 [ RunTime:0.001000s ]
[2020-07-07T21:30:55+08:00][sql] SHOW FULL COLUMNS FROM `tp_goods` [ RunTime:0.001000s ]
[2020-07-07T21:30:55+08:00][sql] SELECT `original_img` FROM `tp_goods` WHERE  `goods_id` = 258 LIMIT 1 [ RunTime:0.001000s ]
[2020-07-07T21:30:55+08:00][sql] SELECT `original_img` FROM `tp_goods` WHERE  `goods_id` = 251 LIMIT 1 [ RunTime:0.001000s ]
[2020-07-07T21:30:55+08:00][sql] SELECT `original_img` FROM `tp_goods` WHERE  `goods_id` = 301 LIMIT 1 [ RunTime:0.001000s ]
[2020-07-07T21:30:55+08:00][sql] SELECT `position_id`,`position_id`,`position_name`,`ad_width`,`ad_height` FROM `tp_ad_position` [ RunTime:0.001000s ]
[2020-07-07T21:30:55+08:00][sql] SELECT * FROM `tp_ad` WHERE  ( pid=49  and enabled = 1 and start_time < 1593658800 and end_time > 1593658800  ) ORDER BY `orderby` DESC LIMIT 1 [ RunTime:0.001000s ]
[2020-07-07T21:30:55+08:00][sql] SELECT `position_id`,`position_id`,`position_name`,`ad_width`,`ad_height` FROM `tp_ad_position` [ RunTime:0.000000s ]
[2020-07-07T21:30:55+08:00][sql] SELECT * FROM `tp_ad` WHERE  ( pid=12  and enabled = 1 and start_time < 1593658800 and end_time > 1593658800  ) ORDER BY `orderby` DESC LIMIT 1 [ RunTime:0.000000s ]
[2020-07-07T21:30:55+08:00][sql] SELECT `position_id`,`position_id`,`position_name`,`ad_width`,`ad_height` FROM `tp_ad_position` [ RunTime:0.001000s ]
[2020-07-07T21:30:55+08:00][sql] SELECT * FROM `tp_ad` WHERE  ( pid=32  and enabled = 1 and start_time < 1593658800 and end_time > 1593658800  ) ORDER BY `orderby` DESC LIMIT 1 [ RunTime:0.000000s ]
[2020-07-07T21:30:55+08:00][sql] SELECT `original_img` FROM `tp_goods` WHERE  `goods_id` = 258 LIMIT 1 [ RunTime:0.001000s ]
[2020-07-07T21:30:55+08:00][sql] SELECT `position_id`,`position_id`,`position_name`,`ad_width`,`ad_height` FROM `tp_ad_position` [ RunTime:0.001000s ]
[2020-07-07T21:30:55+08:00][sql] SELECT * FROM `tp_ad` WHERE  ( pid=13  and enabled = 1 and start_time < 1593658800 and end_time > 1593658800  ) ORDER BY `orderby` DESC LIMIT 1 [ RunTime:0.000000s ]
[2020-07-07T21:30:55+08:00][sql] SELECT `position_id`,`position_id`,`position_name`,`ad_width`,`ad_height` FROM `tp_ad_position` [ RunTime:0.001000s ]
[2020-07-07T21:30:55+08:00][sql] SELECT * FROM `tp_ad` WHERE  ( pid=33  and enabled = 1 and start_time < 1593658800 and end_time > 1593658800  ) ORDER BY `orderby` DESC LIMIT 1 [ RunTime:0.001000s ]
[2020-07-07T21:30:55+08:00][sql] SELECT `original_img` FROM `tp_goods` WHERE  `goods_id` = 251 LIMIT 1 [ RunTime:0.001000s ]
[2020-07-07T21:30:55+08:00][sql] SELECT `position_id`,`position_id`,`position_name`,`ad_width`,`ad_height` FROM `tp_ad_position` [ RunTime:0.001000s ]
[2020-07-07T21:30:55+08:00][sql] SELECT * FROM `tp_ad` WHERE  ( pid=14  and enabled = 1 and start_time < 1593658800 and end_time > 1593658800  ) ORDER BY `orderby` DESC LIMIT 1 [ RunTime:0.001000s ]
[2020-07-07T21:30:55+08:00][sql] SELECT `position_id`,`position_id`,`position_name`,`ad_width`,`ad_height` FROM `tp_ad_position` [ RunTime:0.000000s ]
[2020-07-07T21:30:55+08:00][sql] SELECT * FROM `tp_ad` WHERE  ( pid=34  and enabled = 1 and start_time < 1593658800 and end_time > 1593658800  ) ORDER BY `orderby` DESC LIMIT 1 [ RunTime:0.000000s ]
[2020-07-07T21:30:55+08:00][sql] SELECT `position_id`,`position_id`,`position_name`,`ad_width`,`ad_height` FROM `tp_ad_position` [ RunTime:0.000000s ]
[2020-07-07T21:30:55+08:00][sql] SELECT * FROM `tp_ad` WHERE  ( pid=15  and enabled = 1 and start_time < 1593658800 and end_time > 1593658800  ) ORDER BY `orderby` DESC LIMIT 1 [ RunTime:0.000000s ]
[2020-07-07T21:30:55+08:00][sql] SELECT `position_id`,`position_id`,`position_name`,`ad_width`,`ad_height` FROM `tp_ad_position` [ RunTime:0.000000s ]
[2020-07-07T21:30:55+08:00][sql] SELECT * FROM `tp_ad` WHERE  ( pid=35  and enabled = 1 and start_time < 1593658800 and end_time > 1593658800  ) ORDER BY `orderby` DESC LIMIT 1 [ RunTime:0.000000s ]
[2020-07-07T21:30:55+08:00][sql] SELECT `original_img` FROM `tp_goods` WHERE  `goods_id` = 301 LIMIT 1 [ RunTime:0.001000s ]
[2020-07-07T21:30:55+08:00][sql] SELECT `position_id`,`position_id`,`position_name`,`ad_width`,`ad_height` FROM `tp_ad_position` [ RunTime:0.001000s ]
[2020-07-07T21:30:55+08:00][sql] SELECT * FROM `tp_ad` WHERE  ( pid=16  and enabled = 1 and start_time < 1593658800 and end_time > 1593658800  ) ORDER BY `orderby` DESC LIMIT 1 [ RunTime:0.001000s ]
[2020-07-07T21:30:55+08:00][sql] SELECT `position_id`,`position_id`,`position_name`,`ad_width`,`ad_height` FROM `tp_ad_position` [ RunTime:0.001000s ]
[2020-07-07T21:30:55+08:00][sql] SELECT * FROM `tp_ad` WHERE  ( pid=36  and enabled = 1 and start_time < 1593658800 and end_time > 1593658800  ) ORDER BY `orderby` DESC LIMIT 1 [ RunTime:0.001000s ]
[2020-07-07T21:30:55+08:00][sql] select * from `tp_slogan` [ RunTime:0.002000s ]
[2020-07-07T21:30:55+08:00][sql] select * from `tp_article_cat` where cat_id < 6  order by sort_order asc [ RunTime:0.003000s ]
[2020-07-07T21:30:55+08:00][sql] select * from `tp_article` where cat_id = 1  and is_open=1 limit 5 [ RunTime:0.003000s ]
[2020-07-07T21:30:55+08:00][sql] select * from `tp_article` where cat_id = 2  and is_open=1 limit 5 [ RunTime:0.002000s ]
[2020-07-07T21:30:55+08:00][sql] select * from `tp_article` where cat_id = 3  and is_open=1 limit 5 [ RunTime:0.001000s ]
[2020-07-07T21:30:55+08:00][sql] select * from `tp_article` where cat_id = 4  and is_open=1 limit 5 [ RunTime:0.000000s ]
[2020-07-07T21:30:55+08:00][sql] select * from `tp_article` where cat_id = 5  and is_open=1 limit 5 [ RunTime:0.000000s ]
[2020-07-07T21:30:55+08:00][sql] select * from `tp_friend_link` where is_show=1 [ RunTime:0.001000s ]
[2020-07-07T21:30:55+08:00][sql] SELECT * FROM `tp_navigation` where is_show = 1 AND position = 'bottom' ORDER BY `sort` DESC [ RunTime:0.001000s ]
[2020-07-07T21:30:55+08:00][sql] select * from `tp_article` where cat_id = 5 and is_open=1 [ RunTime:0.000000s ]
[2020-07-07T21:30:55+08:00][info] [ VIEW ] ../template/pc/rainbow/index/index.html [ array (
  0 => 'action',
  1 => 'template_now_time',
  2 => 'goods_category_tree',
  3 => 'brand_list',
  4 => 'tpshop_config',
  5 => 'username',
  6 => 'head_pic',
  7 => 'mobile_url',
  8 => 'wx_qr',
  9 => 'thumb_empty',
  10 => 'edit_ad',
  11 => 'cateList',
) ]
[2020-07-07T21:30:56+08:00][sql] CONNECT:[ UseTime:0.010001s ] mysql:host=127.0.0.1;port=3306;dbname=tpshop6.03334;charset=utf8
[2020-07-07T21:30:56+08:00][sql] SHOW FULL COLUMNS FROM `tp_wx_user` [ RunTime:0.001000s ]
[2020-07-07T21:30:56+08:00][sql] SELECT `qr` FROM `tp_wx_user` LIMIT 1 [ RunTime:0.001000s ]
[2020-07-07T21:30:56+08:00][sql] CONNECT:[ UseTime:0.011001s ] mysql:host=127.0.0.1;port=3306;dbname=tpshop6.03334;charset=utf8
[2020-07-07T21:30:56+08:00][sql] SHOW FULL COLUMNS FROM `tp_wx_user` [ RunTime:0.002000s ]
[2020-07-07T21:30:56+08:00][sql] SELECT `qr` FROM `tp_wx_user` LIMIT 1 [ RunTime:0.001000s ]
[2020-07-07T21:30:56+08:00][sql] SHOW FULL COLUMNS FROM `tp_goods` [ RunTime:0.002000s ]
[2020-07-07T21:30:56+08:00][sql] SELECT * FROM `tp_goods` WHERE  `is_on_sale` = 1  AND ( `is_virtual` =0 or virtual_indate > 1594128656 ) ORDER BY `goods_id` DESC LIMIT 0,7 [ RunTime:0.001000s ]
[2020-07-07T21:30:56+08:00][sql] SELECT `original_img` FROM `tp_goods` WHERE  `goods_id` = 328 LIMIT 1 [ RunTime:0.001000s ]
[2020-07-07T21:30:56+08:00][sql] SELECT `original_img` FROM `tp_goods` WHERE  `goods_id` = 322 LIMIT 1 [ RunTime:0.000000s ]
[2020-07-07T21:30:56+08:00][info] [ VIEW ] ../template/pc/rainbow/index/ajax_favorite.html [ array (
  0 => 'action',
  1 => 'template_now_time',
  2 => 'goods_category_tree',
  3 => 'brand_list',
  4 => 'tpshop_config',
  5 => 'username',
  6 => 'head_pic',
  7 => 'mobile_url',
  8 => 'wx_qr',
  9 => 'favourite_goods',
) ]
[2020-07-07T21:30:57+08:00][sql] CONNECT:[ UseTime:0.001000s ] mysql:host=127.0.0.1;port=3306;dbname=tpshop6.03334;charset=utf8
[2020-07-07T21:30:57+08:00][sql] SHOW FULL COLUMNS FROM `tp_config` [ RunTime:0.002000s ]
[2020-07-07T21:30:57+08:00][sql] SELECT * FROM `tp_config` [ RunTime:0.001000s ]
[2020-07-07T21:30:57+08:00][sql] SHOW FULL COLUMNS FROM `tp_wx_user` [ RunTime:0.002001s ]
[2020-07-07T21:30:57+08:00][sql] SELECT `qr` FROM `tp_wx_user` LIMIT 1 [ RunTime:0.001000s ]
[2020-07-07T21:30:58+08:00][sql] CONNECT:[ UseTime:0.001000s ] mysql:host=127.0.0.1;port=3306;dbname=tpshop6.03334;charset=utf8
[2020-07-07T21:30:58+08:00][sql] SHOW FULL COLUMNS FROM `tp_wx_user` [ RunTime:0.001000s ]
[2020-07-07T21:30:58+08:00][sql] SELECT `qr` FROM `tp_wx_user` LIMIT 1 [ RunTime:0.001000s ]
[2020-07-07T21:30:58+08:00][sql] SHOW FULL COLUMNS FROM `tp_goods` [ RunTime:0.003000s ]
[2020-07-07T21:30:58+08:00][sql] SELECT * FROM `tp_goods` WHERE  `is_on_sale` = 1  AND ( `is_virtual` =0 or virtual_indate > 1594128658 ) ORDER BY `goods_id` DESC LIMIT 0,7 [ RunTime:0.001001s ]
[2020-07-07T21:30:58+08:00][sql] SELECT `original_img` FROM `tp_goods` WHERE  `goods_id` = 328 LIMIT 1 [ RunTime:0.001000s ]
[2020-07-07T21:30:58+08:00][sql] SELECT `original_img` FROM `tp_goods` WHERE  `goods_id` = 322 LIMIT 1 [ RunTime:0.001000s ]
[2020-07-07T21:30:58+08:00][info] [ VIEW ] ../template/pc/rainbow/index/ajax_favorite.html [ array (
  0 => 'action',
  1 => 'template_now_time',
  2 => 'goods_category_tree',
  3 => 'brand_list',
  4 => 'tpshop_config',
  5 => 'username',
  6 => 'head_pic',
  7 => 'mobile_url',
  8 => 'wx_qr',
  9 => 'favourite_goods',
) ]
[2020-07-07T21:30:58+08:00][sql] CONNECT:[ UseTime:0.010001s ] mysql:host=127.0.0.1;port=3306;dbname=tpshop6.03334;charset=utf8
[2020-07-07T21:30:58+08:00][sql] SHOW FULL COLUMNS FROM `tp_wx_user` [ RunTime:0.002000s ]
[2020-07-07T21:30:58+08:00][sql] SELECT `qr` FROM `tp_wx_user` LIMIT 1 [ RunTime:0.001000s ]
[2020-07-07T21:30:58+08:00][sql] CONNECT:[ UseTime:0.001000s ] mysql:host=127.0.0.1;port=3306;dbname=tpshop6.03334;charset=utf8
[2020-07-07T21:30:58+08:00][sql] SHOW FULL COLUMNS FROM `tp_wx_user` [ RunTime:0.001000s ]
[2020-07-07T21:30:58+08:00][sql] SELECT `qr` FROM `tp_wx_user` LIMIT 1 [ RunTime:0.000000s ]
[2020-07-07T21:30:58+08:00][sql] SHOW FULL COLUMNS FROM `tp_goods` [ RunTime:0.002000s ]
[2020-07-07T21:30:58+08:00][sql] SELECT `original_img` FROM `tp_goods` WHERE  `goods_id` = 328 LIMIT 1 [ RunTime:0.000000s ]
[2020-07-07T21:30:58+08:00][sql] SELECT `original_img` FROM `tp_goods` WHERE  `goods_id` = 322 LIMIT 1 [ RunTime:0.001000s ]
[2020-07-07T21:30:58+08:00][info] [ VIEW ] ../template/pc/rainbow/index/ajax_favorite.html [ array (
  0 => 'action',
  1 => 'template_now_time',
  2 => 'goods_category_tree',
  3 => 'brand_list',
  4 => 'tpshop_config',
  5 => 'username',
  6 => 'head_pic',
  7 => 'mobile_url',
  8 => 'wx_qr',
  9 => 'favourite_goods',
) ]
[2020-07-07T21:31:01+08:00][sql] CONNECT:[ UseTime:0.011001s ] mysql:host=127.0.0.1;port=3306;dbname=tpshop6.03334;charset=utf8
[2020-07-07T21:31:01+08:00][sql] SHOW FULL COLUMNS FROM `tp_config` [ RunTime:0.002000s ]
[2020-07-07T21:31:01+08:00][sql] SELECT * FROM `tp_config` [ RunTime:0.000000s ]
[2020-07-07T21:31:01+08:00][sql] SHOW FULL COLUMNS FROM `tp_wx_user` [ RunTime:0.002000s ]
[2020-07-07T21:31:01+08:00][sql] SELECT `qr` FROM `tp_wx_user` LIMIT 1 [ RunTime:0.000000s ]
[2020-07-07T21:31:01+08:00][sql] CONNECT:[ UseTime:0.002001s ] mysql:host=127.0.0.1;port=3306;dbname=tpshop6.03334;charset=utf8
[2020-07-07T21:31:01+08:00][sql] SHOW FULL COLUMNS FROM `tp_wx_user` [ RunTime:0.002000s ]
[2020-07-07T21:31:01+08:00][sql] SELECT `qr` FROM `tp_wx_user` LIMIT 1 [ RunTime:0.001000s ]
[2020-07-07T21:31:01+08:00][sql] CONNECT:[ UseTime:0.001000s ] mysql:host=127.0.0.1;port=3306;dbname=tpshop6.03334;charset=utf8
[2020-07-07T21:31:01+08:00][sql] SHOW FULL COLUMNS FROM `tp_wx_user` [ RunTime:0.002000s ]
[2020-07-07T21:31:01+08:00][sql] SELECT `qr` FROM `tp_wx_user` LIMIT 1 [ RunTime:0.000000s ]
[2020-07-07T21:31:01+08:00][sql] SHOW FULL COLUMNS FROM `tp_goods` [ RunTime:0.002001s ]
[2020-07-07T21:31:01+08:00][sql] SELECT * FROM `tp_goods` WHERE  `is_on_sale` = 1  AND ( `is_virtual` =0 or virtual_indate > 1594128661 ) ORDER BY `goods_id` DESC LIMIT 0,7 [ RunTime:0.001000s ]
[2020-07-07T21:31:01+08:00][sql] SELECT `original_img` FROM `tp_goods` WHERE  `goods_id` = 328 LIMIT 1 [ RunTime:0.001000s ]
[2020-07-07T21:31:01+08:00][sql] SELECT `original_img` FROM `tp_goods` WHERE  `goods_id` = 322 LIMIT 1 [ RunTime:0.001000s ]
[2020-07-07T21:31:01+08:00][info] [ VIEW ] ../template/pc/rainbow/index/ajax_favorite.html [ array (
  0 => 'action',
  1 => 'template_now_time',
  2 => 'goods_category_tree',
  3 => 'brand_list',
  4 => 'tpshop_config',
  5 => 'username',
  6 => 'head_pic',
  7 => 'mobile_url',
  8 => 'wx_qr',
  9 => 'favourite_goods',
) ]
[2020-07-07T21:31:01+08:00][sql] CONNECT:[ UseTime:0.001000s ] mysql:host=127.0.0.1;port=3306;dbname=tpshop6.03334;charset=utf8
[2020-07-07T21:31:01+08:00][sql] SHOW FULL COLUMNS FROM `tp_wx_user` [ RunTime:0.001000s ]
[2020-07-07T21:31:01+08:00][sql] SELECT `qr` FROM `tp_wx_user` LIMIT 1 [ RunTime:0.000000s ]
[2020-07-07T21:31:03+08:00][sql] CONNECT:[ UseTime:0.010001s ] mysql:host=127.0.0.1;port=3306;dbname=tpshop6.03334;charset=utf8
[2020-07-07T21:31:03+08:00][sql] SHOW FULL COLUMNS FROM `tp_config` [ RunTime:0.002000s ]
[2020-07-07T21:31:03+08:00][sql] SELECT * FROM `tp_config` [ RunTime:0.001001s ]
[2020-07-07T21:31:03+08:00][sql] SHOW FULL COLUMNS FROM `tp_wx_user` [ RunTime:0.002000s ]
[2020-07-07T21:31:03+08:00][sql] SELECT `qr` FROM `tp_wx_user` LIMIT 1 [ RunTime:0.001000s ]
[2020-07-07T21:31:04+08:00][sql] CONNECT:[ UseTime:0.002000s ] mysql:host=127.0.0.1;port=3306;dbname=tpshop6.03334;charset=utf8
[2020-07-07T21:31:04+08:00][sql] SHOW FULL COLUMNS FROM `tp_wx_user` [ RunTime:0.001000s ]
[2020-07-07T21:31:04+08:00][sql] SELECT `qr` FROM `tp_wx_user` LIMIT 1 [ RunTime:0.000000s ]
